<?xml version="1.0" encoding="UTF-8"?>
<coverage generated="1601752603590" clover="3.2.0">
  <project timestamp="1601752603590" name="All files">
    <metrics statements="226" coveredstatements="167" conditionals="44" coveredconditionals="21" methods="57" coveredmethods="20" elements="327" coveredelements="208" complexity="0" loc="226" ncloc="226" packages="6" files="14" classes="14"/>
    <package name="src">
      <metrics statements="79" coveredstatements="65" conditionals="30" coveredconditionals="17" methods="14" coveredmethods="11"/>
      <file name="App.tsx" path="C:\_projects\react-github-user-search\src\App.tsx">
        <metrics statements="7" coveredstatements="7" conditionals="0" coveredconditionals="0" methods="1" coveredmethods="1"/>
        <line num="1" count="1" type="stmt"/>
        <line num="2" count="1" type="stmt"/>
        <line num="3" count="1" type="stmt"/>
        <line num="4" count="1" type="stmt"/>
        <line num="6" count="1" type="stmt"/>
        <line num="7" count="1" type="stmt"/>
        <line num="22" count="1" type="stmt"/>
      </file>
      <file name="reducers.ts" path="C:\_projects\react-github-user-search\src\reducers.ts">
        <metrics statements="41" coveredstatements="38" conditionals="20" coveredconditionals="12" methods="5" coveredmethods="5"/>
        <line num="1" count="4" type="stmt"/>
        <line num="2" count="4" type="stmt"/>
        <line num="3" count="4" type="stmt"/>
        <line num="4" count="4" type="stmt"/>
        <line num="5" count="4" type="stmt"/>
        <line num="6" count="4" type="stmt"/>
        <line num="11" count="4" type="stmt"/>
        <line num="22" count="4" type="stmt"/>
        <line num="23" count="32" type="cond" truecount="1" falsecount="1"/>
        <line num="26" count="16" type="stmt"/>
        <line num="28" count="1" type="stmt"/>
        <line num="32" count="15" type="stmt"/>
        <line num="37" count="4" type="stmt"/>
        <line num="38" count="4" type="stmt"/>
        <line num="39" count="32" type="cond" truecount="1" falsecount="1"/>
        <line num="42" count="16" type="stmt"/>
        <line num="44" count="1" type="stmt"/>
        <line num="48" count="15" type="stmt"/>
        <line num="53" count="4" type="stmt"/>
        <line num="54" count="4" type="stmt"/>
        <line num="55" count="30" type="cond" truecount="1" falsecount="1"/>
        <line num="58" count="15" type="stmt"/>
        <line num="60" count="0" type="stmt"/>
        <line num="64" count="15" type="stmt"/>
        <line num="69" count="4" type="stmt"/>
        <line num="70" count="4" type="stmt"/>
        <line num="71" count="30" type="cond" truecount="1" falsecount="1"/>
        <line num="74" count="15" type="stmt"/>
        <line num="76" count="0" type="stmt"/>
        <line num="80" count="15" type="stmt"/>
        <line num="85" count="4" type="stmt"/>
        <line num="86" count="4" type="stmt"/>
        <line num="87" count="30" type="cond" truecount="1" falsecount="1"/>
        <line num="90" count="15" type="stmt"/>
        <line num="92" count="0" type="stmt"/>
        <line num="96" count="15" type="stmt"/>
        <line num="101" count="4" type="stmt"/>
        <line num="110" count="4" type="stmt"/>
        <line num="111" count="4" type="stmt"/>
        <line num="114" count="4" type="stmt"/>
        <line num="115" count="4" type="stmt"/>
      </file>
      <file name="sagas.ts" path="C:\_projects\react-github-user-search\src\sagas.ts">
        <metrics statements="31" coveredstatements="20" conditionals="10" coveredconditionals="5" methods="8" coveredmethods="5"/>
        <line num="1" count="5" type="stmt"/>
        <line num="4" count="5" type="stmt"/>
        <line num="12" count="5" type="stmt"/>
        <line num="16" count="5" type="stmt"/>
        <line num="17" count="1" type="cond" truecount="1" falsecount="0"/>
        <line num="18" count="2" type="stmt"/>
        <line num="21" count="5" type="stmt"/>
        <line num="22" count="1" type="cond" truecount="1" falsecount="0"/>
        <line num="23" count="2" type="stmt"/>
        <line num="26" count="5" type="stmt"/>
        <line num="27" count="0" type="cond" truecount="0" falsecount="1"/>
        <line num="28" count="0" type="stmt"/>
        <line num="31" count="5" type="stmt"/>
        <line num="32" count="0" type="cond" truecount="0" falsecount="1"/>
        <line num="33" count="0" type="stmt"/>
        <line num="36" count="5" type="stmt"/>
        <line num="37" count="0" type="cond" truecount="0" falsecount="1"/>
        <line num="38" count="0" type="stmt"/>
        <line num="43" count="5" type="stmt"/>
        <line num="44" count="4" type="cond" truecount="1" falsecount="1"/>
        <line num="45" count="4" type="stmt"/>
        <line num="46" count="0" type="stmt"/>
        <line num="50" count="5" type="stmt"/>
        <line num="51" count="4" type="cond" truecount="1" falsecount="1"/>
        <line num="52" count="4" type="stmt"/>
        <line num="53" count="0" type="stmt"/>
        <line num="54" count="0" type="stmt"/>
        <line num="55" count="0" type="stmt"/>
        <line num="56" count="0" type="stmt"/>
        <line num="62" count="5" type="stmt"/>
        <line num="63" count="8" type="cond" truecount="1" falsecount="0"/>
      </file>
    </package>
    <package name="src.actions">
      <metrics statements="21" coveredstatements="17" conditionals="0" coveredconditionals="0" methods="7" coveredmethods="3"/>
      <file name="index.ts" path="C:\_projects\react-github-user-search\src\actions\index.ts">
        <metrics statements="21" coveredstatements="17" conditionals="0" coveredconditionals="0" methods="7" coveredmethods="3"/>
        <line num="2" count="6" type="stmt"/>
        <line num="7" count="6" type="stmt"/>
        <line num="8" count="3" type="stmt"/>
        <line num="15" count="6" type="stmt"/>
        <line num="20" count="6" type="stmt"/>
        <line num="21" count="3" type="stmt"/>
        <line num="28" count="6" type="stmt"/>
        <line num="33" count="6" type="stmt"/>
        <line num="34" count="0" type="stmt"/>
        <line num="41" count="6" type="stmt"/>
        <line num="46" count="6" type="stmt"/>
        <line num="47" count="0" type="stmt"/>
        <line num="54" count="6" type="stmt"/>
        <line num="59" count="6" type="stmt"/>
        <line num="60" count="0" type="stmt"/>
        <line num="70" count="6" type="stmt"/>
        <line num="75" count="6" type="stmt"/>
        <line num="76" count="0" type="stmt"/>
        <line num="83" count="6" type="stmt"/>
        <line num="88" count="6" type="stmt"/>
        <line num="89" count="1" type="stmt"/>
      </file>
    </package>
    <package name="src.components">
      <metrics statements="71" coveredstatements="49" conditionals="12" coveredconditionals="4" methods="13" coveredmethods="3"/>
      <file name="Button.tsx" path="C:\_projects\react-github-user-search\src\components\Button.tsx">
        <metrics statements="10" coveredstatements="10" conditionals="0" coveredconditionals="0" methods="2" coveredmethods="1"/>
        <line num="1" count="3" type="stmt"/>
        <line num="3" count="3" type="stmt"/>
        <line num="4" count="1" type="stmt"/>
        <line num="5" count="1" type="stmt"/>
        <line num="6" count="1" type="stmt"/>
        <line num="7" count="1" type="stmt"/>
        <line num="8" count="1" type="stmt"/>
        <line num="9" count="1" type="stmt"/>
        <line num="31" count="3" type="stmt"/>
        <line num="39" count="3" type="stmt"/>
      </file>
      <file name="FormContainer.tsx" path="C:\_projects\react-github-user-search\src\components\FormContainer.tsx">
        <metrics statements="31" coveredstatements="10" conditionals="2" coveredconditionals="0" methods="4" coveredmethods="0"/>
        <line num="1" count="2" type="stmt"/>
        <line num="2" count="2" type="stmt"/>
        <line num="3" count="2" type="stmt"/>
        <line num="4" count="2" type="stmt"/>
        <line num="5" count="2" type="stmt"/>
        <line num="6" count="2" type="stmt"/>
        <line num="7" count="2" type="stmt"/>
        <line num="8" count="2" type="stmt"/>
        <line num="10" count="2" type="stmt"/>
        <line num="11" count="0" type="stmt"/>
        <line num="17" count="0" type="stmt"/>
        <line num="18" count="0" type="stmt"/>
        <line num="19" count="0" type="stmt"/>
        <line num="20" count="0" type="stmt"/>
        <line num="21" count="0" type="cond" truecount="0" falsecount="2"/>
        <line num="22" count="0" type="stmt"/>
        <line num="24" count="0" type="stmt"/>
        <line num="26" count="0" type="stmt"/>
        <line num="29" count="0" type="stmt"/>
        <line num="42" count="0" type="stmt"/>
        <line num="43" count="0" type="stmt"/>
        <line num="44" count="0" type="stmt"/>
        <line num="47" count="0" type="stmt"/>
        <line num="48" count="0" type="stmt"/>
        <line num="49" count="0" type="stmt"/>
        <line num="50" count="0" type="stmt"/>
        <line num="51" count="0" type="stmt"/>
        <line num="52" count="0" type="stmt"/>
        <line num="53" count="0" type="stmt"/>
        <line num="54" count="0" type="stmt"/>
        <line num="87" count="2" type="stmt"/>
      </file>
      <file name="Input.tsx" path="C:\_projects\react-github-user-search\src\components\Input.tsx">
        <metrics statements="14" coveredstatements="14" conditionals="5" coveredconditionals="2" methods="3" coveredmethods="1"/>
        <line num="1" count="3" type="stmt"/>
        <line num="3" count="3" type="stmt"/>
        <line num="4" count="1" type="stmt"/>
        <line num="5" count="1" type="stmt"/>
        <line num="6" count="1" type="stmt"/>
        <line num="7" count="1" type="stmt"/>
        <line num="8" count="1" type="stmt"/>
        <line num="9" count="1" type="stmt"/>
        <line num="10" count="1" type="stmt"/>
        <line num="11" count="1" type="stmt"/>
        <line num="12" count="1" type="stmt"/>
        <line num="14" count="1" type="stmt"/>
        <line num="45" count="3" type="stmt"/>
        <line num="57" count="3" type="stmt"/>
      </file>
      <file name="Select.tsx" path="C:\_projects\react-github-user-search\src\components\Select.tsx">
        <metrics statements="16" coveredstatements="15" conditionals="5" coveredconditionals="2" methods="4" coveredmethods="1"/>
        <line num="1" count="3" type="stmt"/>
        <line num="3" count="3" type="stmt"/>
        <line num="4" count="1" type="stmt"/>
        <line num="5" count="1" type="stmt"/>
        <line num="6" count="1" type="stmt"/>
        <line num="7" count="1" type="stmt"/>
        <line num="8" count="1" type="stmt"/>
        <line num="9" count="1" type="stmt"/>
        <line num="10" count="1" type="stmt"/>
        <line num="11" count="1" type="stmt"/>
        <line num="12" count="1" type="stmt"/>
        <line num="14" count="1" type="stmt"/>
        <line num="15" count="0" type="stmt"/>
        <line num="24" count="1" type="stmt"/>
        <line num="57" count="3" type="stmt"/>
        <line num="69" count="3" type="stmt"/>
      </file>
    </package>
    <package name="src.components.presentation">
      <metrics statements="9" coveredstatements="9" conditionals="0" coveredconditionals="0" methods="2" coveredmethods="2"/>
      <file name="Fallback.tsx" path="C:\_projects\react-github-user-search\src\components\presentation\Fallback.tsx">
        <metrics statements="3" coveredstatements="3" conditionals="0" coveredconditionals="0" methods="1" coveredmethods="1"/>
        <line num="1" count="3" type="stmt"/>
        <line num="3" count="3" type="stmt"/>
        <line num="9" count="3" type="stmt"/>
      </file>
      <file name="TableElement.tsx" path="C:\_projects\react-github-user-search\src\components\presentation\TableElement.tsx">
        <metrics statements="6" coveredstatements="6" conditionals="0" coveredconditionals="0" methods="1" coveredmethods="1"/>
        <line num="1" count="3" type="stmt"/>
        <line num="2" count="3" type="stmt"/>
        <line num="4" count="3" type="stmt"/>
        <line num="5" count="1" type="stmt"/>
        <line num="23" count="3" type="stmt"/>
        <line num="29" count="3" type="stmt"/>
      </file>
    </package>
    <package name="src.routes">
      <metrics statements="42" coveredstatements="25" conditionals="0" coveredconditionals="0" methods="19" coveredmethods="1"/>
      <file name="Routes.tsx" path="C:\_projects\react-github-user-search\src\routes\Routes.tsx">
        <metrics statements="8" coveredstatements="8" conditionals="0" coveredconditionals="0" methods="5" coveredmethods="1"/>
        <line num="1" count="2" type="stmt"/>
        <line num="2" count="2" type="stmt"/>
        <line num="3" count="2" type="stmt"/>
        <line num="4" count="2" type="stmt"/>
        <line num="5" count="2" type="stmt"/>
        <line num="7" count="2" type="stmt"/>
        <line num="8" count="1" type="stmt"/>
        <line num="27" count="2" type="stmt"/>
      </file>
      <file name="SearchPage.tsx" path="C:\_projects\react-github-user-search\src\routes\SearchPage.tsx">
        <metrics statements="12" coveredstatements="8" conditionals="0" coveredconditionals="0" methods="4" coveredmethods="0"/>
        <line num="1" count="1" type="stmt"/>
        <line num="2" count="1" type="stmt"/>
        <line num="3" count="1" type="stmt"/>
        <line num="4" count="1" type="stmt"/>
        <line num="5" count="1" type="stmt"/>
        <line num="7" count="1" type="stmt"/>
        <line num="11" count="0" type="stmt"/>
        <line num="16" count="0" type="stmt"/>
        <line num="20" count="1" type="stmt"/>
        <line num="21" count="0" type="stmt"/>
        <line num="23" count="0" type="stmt"/>
        <line num="33" count="1" type="stmt"/>
      </file>
      <file name="UserPage.tsx" path="C:\_projects\react-github-user-search\src\routes\UserPage.tsx">
        <metrics statements="22" coveredstatements="9" conditionals="0" coveredconditionals="0" methods="10" coveredmethods="0"/>
        <line num="1" count="1" type="stmt"/>
        <line num="2" count="1" type="stmt"/>
        <line num="3" count="1" type="stmt"/>
        <line num="4" count="1" type="stmt"/>
        <line num="5" count="1" type="stmt"/>
        <line num="7" count="1" type="stmt"/>
        <line num="11" count="0" type="stmt"/>
        <line num="16" count="0" type="stmt"/>
        <line num="20" count="1" type="stmt"/>
        <line num="24" count="0" type="stmt"/>
        <line num="32" count="1" type="stmt"/>
        <line num="33" count="0" type="stmt"/>
        <line num="34" count="0" type="stmt"/>
        <line num="35" count="0" type="stmt"/>
        <line num="36" count="0" type="stmt"/>
        <line num="37" count="0" type="stmt"/>
        <line num="39" count="0" type="stmt"/>
        <line num="40" count="0" type="stmt"/>
        <line num="41" count="0" type="stmt"/>
        <line num="42" count="0" type="stmt"/>
        <line num="45" count="0" type="stmt"/>
        <line num="73" count="1" type="stmt"/>
      </file>
    </package>
    <package name="src.utilities">
      <metrics statements="4" coveredstatements="2" conditionals="2" coveredconditionals="0" methods="2" coveredmethods="0"/>
      <file name="index.ts" path="C:\_projects\react-github-user-search\src\utilities\index.ts">
        <metrics statements="4" coveredstatements="2" conditionals="2" coveredconditionals="0" methods="2" coveredmethods="0"/>
        <line num="1" count="5" type="stmt"/>
        <line num="3" count="5" type="stmt"/>
        <line num="4" count="0" type="cond" truecount="0" falsecount="2"/>
        <line num="11" count="0" type="stmt"/>
      </file>
    </package>
  </project>
</coverage>
