{"C:\\_projects\\react-github-user-search\\src\\App.tsx": {"path":"C:\\_projects\\react-github-user-search\\src\\App.tsx","statementMap":{"0":{"start":{"line":1,"column":0},"end":{"line":1,"column":26}},"1":{"start":{"line":2,"column":0},"end":{"line":2,"column":37}},"2":{"start":{"line":3,"column":0},"end":{"line":3,"column":28}},"3":{"start":{"line":4,"column":0},"end":{"line":4,"column":50}},"4":{"start":{"line":6,"column":12},"end":{"line":20,"column":1}},"5":{"start":{"line":7,"column":4},"end":{"line":19,"column":6}},"6":{"start":{"line":22,"column":0},"end":{"line":22,"column":19}}},"fnMap":{"0":{"name":"(anonymous_1)","decl":{"start":{"line":6,"column":12},"end":{"line":6,"column":null}},"loc":{"start":{"line":6,"column":12},"end":{"line":20,"column":1}}}},"branchMap":{},"s":{"0":1,"1":1,"2":1,"3":1,"4":1,"5":1,"6":1},"f":{"0":1},"b":{}}
,"C:\\_projects\\react-github-user-search\\src\\reducers.ts": {"path":"C:\\_projects\\react-github-user-search\\src\\reducers.ts","statementMap":{"0":{"start":{"line":1,"column":0},"end":{"line":1,"column":53}},"1":{"start":{"line":2,"column":0},"end":{"line":2,"column":40}},"2":{"start":{"line":3,"column":0},"end":{"line":3,"column":46}},"3":{"start":{"line":4,"column":0},"end":{"line":4,"column":63}},"4":{"start":{"line":5,"column":0},"end":{"line":5,"column":31}},"5":{"start":{"line":6,"column":0},"end":{"line":6,"column":37}},"6":{"start":{"line":11,"column":25},"end":{"line":20,"column":2}},"7":{"start":{"line":22,"column":13},"end":{"line":34,"column":null}},"8":{"start":{"line":23,"column":4},"end":{"line":23,"column":null}},"9":{"start":{"line":26,"column":4},"end":{"line":33,"column":null}},"10":{"start":{"line":28,"column":12},"end":{"line":29,"column":null}},"11":{"start":{"line":32,"column":12},"end":{"line":32,"column":25}},"12":{"start":{"line":37,"column":29},"end":{"line":37,"column":31}},"13":{"start":{"line":38,"column":13},"end":{"line":50,"column":null}},"14":{"start":{"line":39,"column":4},"end":{"line":39,"column":null}},"15":{"start":{"line":42,"column":4},"end":{"line":49,"column":null}},"16":{"start":{"line":44,"column":12},"end":{"line":45,"column":null}},"17":{"start":{"line":48,"column":12},"end":{"line":48,"column":null}},"18":{"start":{"line":53,"column":34},"end":{"line":53,"column":36}},"19":{"start":{"line":54,"column":13},"end":{"line":66,"column":null}},"20":{"start":{"line":55,"column":4},"end":{"line":55,"column":null}},"21":{"start":{"line":58,"column":4},"end":{"line":65,"column":null}},"22":{"start":{"line":60,"column":12},"end":{"line":61,"column":null}},"23":{"start":{"line":64,"column":12},"end":{"line":64,"column":null}},"24":{"start":{"line":69,"column":31},"end":{"line":69,"column":33}},"25":{"start":{"line":70,"column":13},"end":{"line":82,"column":null}},"26":{"start":{"line":71,"column":4},"end":{"line":71,"column":null}},"27":{"start":{"line":74,"column":4},"end":{"line":81,"column":null}},"28":{"start":{"line":76,"column":12},"end":{"line":77,"column":null}},"29":{"start":{"line":80,"column":12},"end":{"line":80,"column":null}},"30":{"start":{"line":85,"column":29},"end":{"line":85,"column":31}},"31":{"start":{"line":86,"column":13},"end":{"line":98,"column":null}},"32":{"start":{"line":87,"column":4},"end":{"line":87,"column":null}},"33":{"start":{"line":90,"column":4},"end":{"line":97,"column":null}},"34":{"start":{"line":92,"column":12},"end":{"line":93,"column":null}},"35":{"start":{"line":96,"column":12},"end":{"line":96,"column":null}},"36":{"start":{"line":101,"column":13},"end":{"line":107,"column":3}},"37":{"start":{"line":110,"column":23},"end":{"line":110,"column":45}},"38":{"start":{"line":111,"column":14},"end":{"line":113,"column":2}},"39":{"start":{"line":114,"column":0},"end":{"line":114,"column":29}},"40":{"start":{"line":115,"column":0},"end":{"line":115,"column":21}}},"fnMap":{"0":{"name":"(anonymous_5)","decl":{"start":{"line":22,"column":20},"end":{"line":22,"column":null}},"loc":{"start":{"line":24,"column":37},"end":{"line":34,"column":1}}},"1":{"name":"(anonymous_6)","decl":{"start":{"line":38,"column":24},"end":{"line":38,"column":null}},"loc":{"start":{"line":40,"column":41},"end":{"line":50,"column":1}}},"2":{"name":"(anonymous_7)","decl":{"start":{"line":54,"column":29},"end":{"line":54,"column":null}},"loc":{"start":{"line":56,"column":46},"end":{"line":66,"column":1}}},"3":{"name":"(anonymous_8)","decl":{"start":{"line":70,"column":26},"end":{"line":70,"column":null}},"loc":{"start":{"line":72,"column":43},"end":{"line":82,"column":1}}},"4":{"name":"(anonymous_9)","decl":{"start":{"line":86,"column":24},"end":{"line":86,"column":null}},"loc":{"start":{"line":88,"column":41},"end":{"line":98,"column":1}}}},"branchMap":{"0":{"loc":{"start":{"line":23,"column":4},"end":{"line":23,"column":null}},"type":"if","locations":[{"start":{"line":23,"column":4},"end":{"line":23,"column":null}},{"start":{"line":23,"column":4},"end":{"line":23,"column":null}}]},"1":{"loc":{"start":{"line":27,"column":8},"end":{"line":29,"column":null}},"type":"switch","locations":[{"start":{"line":27,"column":8},"end":{"line":29,"column":null}},{"start":{"line":31,"column":8},"end":{"line":32,"column":25}}]},"2":{"loc":{"start":{"line":39,"column":4},"end":{"line":39,"column":null}},"type":"if","locations":[{"start":{"line":39,"column":4},"end":{"line":39,"column":null}},{"start":{"line":39,"column":4},"end":{"line":39,"column":null}}]},"3":{"loc":{"start":{"line":43,"column":8},"end":{"line":45,"column":null}},"type":"switch","locations":[{"start":{"line":43,"column":8},"end":{"line":45,"column":null}},{"start":{"line":47,"column":8},"end":{"line":48,"column":null}}]},"4":{"loc":{"start":{"line":55,"column":4},"end":{"line":55,"column":null}},"type":"if","locations":[{"start":{"line":55,"column":4},"end":{"line":55,"column":null}},{"start":{"line":55,"column":4},"end":{"line":55,"column":null}}]},"5":{"loc":{"start":{"line":59,"column":8},"end":{"line":61,"column":null}},"type":"switch","locations":[{"start":{"line":59,"column":8},"end":{"line":61,"column":null}},{"start":{"line":63,"column":8},"end":{"line":64,"column":null}}]},"6":{"loc":{"start":{"line":71,"column":4},"end":{"line":71,"column":null}},"type":"if","locations":[{"start":{"line":71,"column":4},"end":{"line":71,"column":null}},{"start":{"line":71,"column":4},"end":{"line":71,"column":null}}]},"7":{"loc":{"start":{"line":75,"column":8},"end":{"line":77,"column":null}},"type":"switch","locations":[{"start":{"line":75,"column":8},"end":{"line":77,"column":null}},{"start":{"line":79,"column":8},"end":{"line":80,"column":null}}]},"8":{"loc":{"start":{"line":87,"column":4},"end":{"line":87,"column":null}},"type":"if","locations":[{"start":{"line":87,"column":4},"end":{"line":87,"column":null}},{"start":{"line":87,"column":4},"end":{"line":87,"column":null}}]},"9":{"loc":{"start":{"line":91,"column":8},"end":{"line":93,"column":null}},"type":"switch","locations":[{"start":{"line":91,"column":8},"end":{"line":93,"column":null}},{"start":{"line":95,"column":8},"end":{"line":96,"column":null}}]}},"s":{"0":4,"1":4,"2":4,"3":4,"4":4,"5":4,"6":4,"7":4,"8":32,"9":16,"10":1,"11":15,"12":4,"13":4,"14":32,"15":16,"16":1,"17":15,"18":4,"19":4,"20":30,"21":15,"22":0,"23":15,"24":4,"25":4,"26":30,"27":15,"28":0,"29":15,"30":4,"31":4,"32":30,"33":15,"34":0,"35":15,"36":4,"37":4,"38":4,"39":4,"40":4},"f":{"0":16,"1":16,"2":15,"3":15,"4":15},"b":{"0":[16,0],"1":[1,15],"2":[16,0],"3":[1,15],"4":[15,0],"5":[0,15],"6":[15,0],"7":[0,15],"8":[15,0],"9":[0,15]}}
,"C:\\_projects\\react-github-user-search\\src\\sagas.ts": {"path":"C:\\_projects\\react-github-user-search\\src\\sagas.ts","statementMap":{"0":{"start":{"line":1,"column":0},"end":{"line":1,"column":64}},"1":{"start":{"line":4,"column":0},"end":{"line":4,"column":null}},"2":{"start":{"line":12,"column":0},"end":{"line":12,"column":41}},"3":{"start":{"line":17,"column":21},"end":{"line":17,"column":null}},"4":{"start":{"line":17,"column":10},"end":{"line":17,"column":null}},"5":{"start":{"line":18,"column":4},"end":{"line":18,"column":43}},"6":{"start":{"line":16,"column":0},"end":{"line":16,"column":17}},"7":{"start":{"line":22,"column":21},"end":{"line":22,"column":null}},"8":{"start":{"line":22,"column":10},"end":{"line":22,"column":null}},"9":{"start":{"line":23,"column":4},"end":{"line":23,"column":33}},"10":{"start":{"line":21,"column":0},"end":{"line":21,"column":17}},"11":{"start":{"line":27,"column":21},"end":{"line":27,"column":null}},"12":{"start":{"line":27,"column":10},"end":{"line":27,"column":null}},"13":{"start":{"line":28,"column":4},"end":{"line":28,"column":42}},"14":{"start":{"line":26,"column":0},"end":{"line":26,"column":17}},"15":{"start":{"line":32,"column":21},"end":{"line":32,"column":null}},"16":{"start":{"line":32,"column":10},"end":{"line":32,"column":null}},"17":{"start":{"line":33,"column":4},"end":{"line":33,"column":39}},"18":{"start":{"line":31,"column":0},"end":{"line":31,"column":17}},"19":{"start":{"line":37,"column":21},"end":{"line":37,"column":null}},"20":{"start":{"line":37,"column":10},"end":{"line":37,"column":null}},"21":{"start":{"line":38,"column":4},"end":{"line":38,"column":37}},"22":{"start":{"line":36,"column":0},"end":{"line":36,"column":17}},"23":{"start":{"line":44,"column":11},"end":{"line":44,"column":null}},"24":{"start":{"line":44,"column":15},"end":{"line":44,"column":null}},"25":{"start":{"line":45,"column":25},"end":{"line":45,"column":null}},"26":{"start":{"line":45,"column":16},"end":{"line":45,"column":25}},"27":{"start":{"line":46,"column":8},"end":{"line":46,"column":56}},"28":{"start":{"line":43,"column":0},"end":{"line":43,"column":17}},"29":{"start":{"line":51,"column":11},"end":{"line":51,"column":null}},"30":{"start":{"line":51,"column":15},"end":{"line":51,"column":null}},"31":{"start":{"line":52,"column":25},"end":{"line":52,"column":null}},"32":{"start":{"line":52,"column":16},"end":{"line":52,"column":25}},"33":{"start":{"line":53,"column":8},"end":{"line":53,"column":52}},"34":{"start":{"line":54,"column":8},"end":{"line":54,"column":57}},"35":{"start":{"line":55,"column":8},"end":{"line":55,"column":54}},"36":{"start":{"line":56,"column":8},"end":{"line":56,"column":52}},"37":{"start":{"line":50,"column":0},"end":{"line":50,"column":17}},"38":{"start":{"line":63,"column":4},"end":{"line":66,"column":7}},"39":{"start":{"line":62,"column":0},"end":{"line":62,"column":25}}},"fnMap":{"0":{"name":"getUserListWorker","decl":{"start":{"line":16,"column":17},"end":{"line":16,"column":34}},"loc":{"start":{"line":16,"column":76},"end":{"line":19,"column":null}}},"1":{"name":"getUserWorker","decl":{"start":{"line":21,"column":17},"end":{"line":21,"column":30}},"loc":{"start":{"line":21,"column":72},"end":{"line":24,"column":null}}},"2":{"name":"getFollowersWorker","decl":{"start":{"line":26,"column":17},"end":{"line":26,"column":35}},"loc":{"start":{"line":26,"column":77},"end":{"line":29,"column":null}}},"3":{"name":"getFollowWorker","decl":{"start":{"line":31,"column":17},"end":{"line":31,"column":32}},"loc":{"start":{"line":31,"column":74},"end":{"line":34,"column":null}}},"4":{"name":"getRepoWorker","decl":{"start":{"line":36,"column":17},"end":{"line":36,"column":30}},"loc":{"start":{"line":36,"column":72},"end":{"line":39,"column":null}}},"5":{"name":"getUserListWatcher","decl":{"start":{"line":43,"column":17},"end":{"line":43,"column":35}},"loc":{"start":{"line":43,"column":35},"end":{"line":48,"column":null}}},"6":{"name":"getUserDataWatcher","decl":{"start":{"line":50,"column":17},"end":{"line":50,"column":35}},"loc":{"start":{"line":50,"column":35},"end":{"line":58,"column":null}}},"7":{"name":"rootSaga","decl":{"start":{"line":62,"column":25},"end":{"line":62,"column":33}},"loc":{"start":{"line":62,"column":33},"end":{"line":67,"column":null}}}},"branchMap":{"0":{"loc":{"start":{"line":17,"column":21},"end":{"line":17,"column":null}},"type":"switch","locations":[{"start":{"line":17,"column":21},"end":{"line":17,"column":null}}]},"1":{"loc":{"start":{"line":22,"column":21},"end":{"line":22,"column":null}},"type":"switch","locations":[{"start":{"line":22,"column":21},"end":{"line":22,"column":null}}]},"2":{"loc":{"start":{"line":27,"column":21},"end":{"line":27,"column":null}},"type":"switch","locations":[{"start":{"line":27,"column":21},"end":{"line":27,"column":null}}]},"3":{"loc":{"start":{"line":32,"column":21},"end":{"line":32,"column":null}},"type":"switch","locations":[{"start":{"line":32,"column":21},"end":{"line":32,"column":null}}]},"4":{"loc":{"start":{"line":37,"column":21},"end":{"line":37,"column":null}},"type":"switch","locations":[{"start":{"line":37,"column":21},"end":{"line":37,"column":null}}]},"5":{"loc":{"start":{"line":44,"column":11},"end":{"line":44,"column":null}},"type":"if","locations":[{"start":{"line":44,"column":11},"end":{"line":44,"column":null}},{"start":{"line":44,"column":11},"end":{"line":44,"column":null}}]},"6":{"loc":{"start":{"line":51,"column":11},"end":{"line":51,"column":null}},"type":"if","locations":[{"start":{"line":51,"column":11},"end":{"line":51,"column":null}},{"start":{"line":51,"column":11},"end":{"line":51,"column":null}}]},"7":{"loc":{"start":{"line":63,"column":4},"end":{"line":66,"column":7}},"type":"switch","locations":[{"start":{"line":63,"column":4},"end":{"line":66,"column":7}}]}},"s":{"0":5,"1":5,"2":5,"3":1,"4":1,"5":2,"6":5,"7":1,"8":1,"9":2,"10":5,"11":0,"12":0,"13":0,"14":5,"15":0,"16":0,"17":0,"18":5,"19":0,"20":0,"21":0,"22":5,"23":4,"24":0,"25":4,"26":0,"27":0,"28":5,"29":4,"30":0,"31":4,"32":0,"33":0,"34":0,"35":0,"36":0,"37":5,"38":8,"39":5},"f":{"0":1,"1":1,"2":0,"3":0,"4":0,"5":4,"6":4,"7":4},"b":{"0":[1],"1":[1],"2":[0],"3":[0],"4":[0],"5":[0,4],"6":[0,4],"7":[4]}}
,"C:\\_projects\\react-github-user-search\\src\\actions\\index.ts": {"path":"C:\\_projects\\react-github-user-search\\src\\actions\\index.ts","statementMap":{"0":{"start":{"line":2,"column":13},"end":{"line":2,"column":35}},"1":{"start":{"line":7,"column":13},"end":{"line":12,"column":2}},"2":{"start":{"line":8,"column":4},"end":{"line":11,"column":6}},"3":{"start":{"line":15,"column":13},"end":{"line":15,"column":45}},"4":{"start":{"line":20,"column":13},"end":{"line":25,"column":2}},"5":{"start":{"line":21,"column":4},"end":{"line":24,"column":6}},"6":{"start":{"line":28,"column":13},"end":{"line":28,"column":55}},"7":{"start":{"line":33,"column":13},"end":{"line":38,"column":2}},"8":{"start":{"line":34,"column":4},"end":{"line":37,"column":6}},"9":{"start":{"line":41,"column":13},"end":{"line":41,"column":49}},"10":{"start":{"line":46,"column":13},"end":{"line":51,"column":2}},"11":{"start":{"line":47,"column":4},"end":{"line":50,"column":6}},"12":{"start":{"line":54,"column":13},"end":{"line":54,"column":45}},"13":{"start":{"line":59,"column":13},"end":{"line":64,"column":2}},"14":{"start":{"line":60,"column":4},"end":{"line":63,"column":6}},"15":{"start":{"line":70,"column":13},"end":{"line":70,"column":45}},"16":{"start":{"line":75,"column":13},"end":{"line":80,"column":2}},"17":{"start":{"line":76,"column":4},"end":{"line":79,"column":6}},"18":{"start":{"line":83,"column":13},"end":{"line":83,"column":45}},"19":{"start":{"line":88,"column":13},"end":{"line":93,"column":2}},"20":{"start":{"line":89,"column":4},"end":{"line":92,"column":6}}},"fnMap":{"0":{"name":"(anonymous_0)","decl":{"start":{"line":7,"column":23},"end":{"line":7,"column":24}},"loc":{"start":{"line":7,"column":28},"end":{"line":12,"column":1}}},"1":{"name":"(anonymous_1)","decl":{"start":{"line":20,"column":27},"end":{"line":20,"column":28}},"loc":{"start":{"line":20,"column":36},"end":{"line":25,"column":1}}},"2":{"name":"(anonymous_2)","decl":{"start":{"line":33,"column":32},"end":{"line":33,"column":33}},"loc":{"start":{"line":33,"column":46},"end":{"line":38,"column":1}}},"3":{"name":"(anonymous_3)","decl":{"start":{"line":46,"column":29},"end":{"line":46,"column":30}},"loc":{"start":{"line":46,"column":40},"end":{"line":51,"column":1}}},"4":{"name":"(anonymous_4)","decl":{"start":{"line":59,"column":27},"end":{"line":59,"column":28}},"loc":{"start":{"line":59,"column":36},"end":{"line":64,"column":1}}},"5":{"name":"(anonymous_5)","decl":{"start":{"line":75,"column":27},"end":{"line":75,"column":28}},"loc":{"start":{"line":75,"column":40},"end":{"line":80,"column":1}}},"6":{"name":"(anonymous_6)","decl":{"start":{"line":88,"column":27},"end":{"line":88,"column":28}},"loc":{"start":{"line":88,"column":40},"end":{"line":93,"column":1}}}},"branchMap":{},"s":{"0":6,"1":6,"2":3,"3":6,"4":6,"5":3,"6":6,"7":6,"8":0,"9":6,"10":6,"11":0,"12":6,"13":6,"14":0,"15":6,"16":6,"17":0,"18":6,"19":6,"20":1},"f":{"0":3,"1":3,"2":0,"3":0,"4":0,"5":0,"6":1},"b":{}}
,"C:\\_projects\\react-github-user-search\\src\\components\\Button.tsx": {"path":"C:\\_projects\\react-github-user-search\\src\\components\\Button.tsx","statementMap":{"0":{"start":{"line":1,"column":0},"end":{"line":1,"column":31}},"1":{"start":{"line":3,"column":15},"end":{"line":9,"column":null}},"2":{"start":{"line":4,"column":4},"end":{"line":4,"column":6}},"3":{"start":{"line":5,"column":4},"end":{"line":5,"column":9}},"4":{"start":{"line":6,"column":4},"end":{"line":6,"column":8}},"5":{"start":{"line":7,"column":4},"end":{"line":7,"column":16}},"6":{"start":{"line":8,"column":4},"end":{"line":8,"column":15}},"7":{"start":{"line":9,"column":31},"end":{"line":21,"column":2}},"8":{"start":{"line":31,"column":0},"end":{"line":37,"column":null}},"9":{"start":{"line":39,"column":0},"end":{"line":39,"column":22}}},"fnMap":{"0":{"name":"(anonymous_1)","decl":{"start":{"line":3,"column":15},"end":{"line":3,"column":16}},"loc":{"start":{"line":9,"column":13},"end":{"line":9,"column":null}}},"1":{"name":"(anonymous_2)","decl":{"start":{"line":36,"column":17},"end":{"line":36,"column":30}},"loc":{"start":{"line":36,"column":17},"end":{"line":36,"column":31}}}},"branchMap":{},"s":{"0":3,"1":3,"2":1,"3":1,"4":1,"5":1,"6":1,"7":1,"8":3,"9":3},"f":{"0":1,"1":0},"b":{}}
,"C:\\_projects\\react-github-user-search\\src\\components\\FormContainer.tsx": {"path":"C:\\_projects\\react-github-user-search\\src\\components\\FormContainer.tsx","statementMap":{"0":{"start":{"line":1,"column":0},"end":{"line":1,"column":31}},"1":{"start":{"line":2,"column":0},"end":{"line":2,"column":32}},"2":{"start":{"line":3,"column":0},"end":{"line":3,"column":42}},"3":{"start":{"line":4,"column":0},"end":{"line":4,"column":41}},"4":{"start":{"line":5,"column":0},"end":{"line":5,"column":27}},"5":{"start":{"line":6,"column":0},"end":{"line":6,"column":28}},"6":{"start":{"line":7,"column":0},"end":{"line":7,"column":30}},"7":{"start":{"line":8,"column":0},"end":{"line":8,"column":30}},"8":{"start":{"line":10,"column":22},"end":{"line":85,"column":1}},"9":{"start":{"line":11,"column":29},"end":{"line":15,"column":6}},"10":{"start":{"line":17,"column":21},"end":{"line":17,"column":34}},"11":{"start":{"line":18,"column":31},"end":{"line":27,"column":5}},"12":{"start":{"line":19,"column":23},"end":{"line":19,"column":27}},"13":{"start":{"line":20,"column":16},"end":{"line":20,"column":28}},"14":{"start":{"line":20,"column":30},"end":{"line":20,"column":40}},"15":{"start":{"line":21,"column":8},"end":{"line":25,"column":null}},"16":{"start":{"line":22,"column":12},"end":{"line":22,"column":34}},"17":{"start":{"line":24,"column":12},"end":{"line":24,"column":58}},"18":{"start":{"line":26,"column":8},"end":{"line":26,"column":40}},"19":{"start":{"line":29,"column":4},"end":{"line":84,"column":6}},"20":{"start":{"line":42,"column":37},"end":{"line":42,"column":50}},"21":{"start":{"line":43,"column":20},"end":{"line":43,"column":47}},"22":{"start":{"line":44,"column":20},"end":{"line":44,"column":41}},"23":{"start":{"line":47,"column":20},"end":{"line":47,"column":26}},"24":{"start":{"line":48,"column":20},"end":{"line":48,"column":26}},"25":{"start":{"line":49,"column":20},"end":{"line":49,"column":27}},"26":{"start":{"line":50,"column":20},"end":{"line":50,"column":32}},"27":{"start":{"line":51,"column":20},"end":{"line":51,"column":30}},"28":{"start":{"line":52,"column":20},"end":{"line":52,"column":32}},"29":{"start":{"line":53,"column":20},"end":{"line":53,"column":32}},"30":{"start":{"line":54,"column":35},"end":{"line":81,"column":null}},"31":{"start":{"line":87,"column":0},"end":{"line":87,"column":29}}},"fnMap":{"0":{"name":"(anonymous_2)","decl":{"start":{"line":10,"column":22},"end":{"line":10,"column":null}},"loc":{"start":{"line":10,"column":22},"end":{"line":85,"column":1}}},"1":{"name":"(anonymous_3)","decl":{"start":{"line":18,"column":31},"end":{"line":18,"column":43}},"loc":{"start":{"line":18,"column":43},"end":{"line":27,"column":5}}},"2":{"name":"(anonymous_4)","decl":{"start":{"line":42,"column":26},"end":{"line":42,"column":27}},"loc":{"start":{"line":42,"column":52},"end":{"line":45,"column":17}}},"3":{"name":"(anonymous_5)","decl":{"start":{"line":46,"column":24},"end":{"line":46,"column":25}},"loc":{"start":{"line":54,"column":17},"end":{"line":54,"column":null}}}},"branchMap":{"0":{"loc":{"start":{"line":21,"column":8},"end":{"line":25,"column":null}},"type":"if","locations":[{"start":{"line":21,"column":8},"end":{"line":25,"column":null}},{"start":{"line":21,"column":8},"end":{"line":25,"column":null}}]}},"s":{"0":2,"1":2,"2":2,"3":2,"4":2,"5":2,"6":2,"7":2,"8":2,"9":0,"10":0,"11":0,"12":0,"13":0,"14":0,"15":0,"16":0,"17":0,"18":0,"19":0,"20":0,"21":0,"22":0,"23":0,"24":0,"25":0,"26":0,"27":0,"28":0,"29":0,"30":0,"31":2},"f":{"0":0,"1":0,"2":0,"3":0},"b":{"0":[0,0]}}
,"C:\\_projects\\react-github-user-search\\src\\components\\Input.tsx": {"path":"C:\\_projects\\react-github-user-search\\src\\components\\Input.tsx","statementMap":{"0":{"start":{"line":1,"column":0},"end":{"line":1,"column":31}},"1":{"start":{"line":3,"column":14},"end":{"line":31,"column":1}},"2":{"start":{"line":4,"column":4},"end":{"line":4,"column":9}},"3":{"start":{"line":5,"column":4},"end":{"line":5,"column":8}},"4":{"start":{"line":6,"column":4},"end":{"line":6,"column":6}},"5":{"start":{"line":7,"column":4},"end":{"line":7,"column":9}},"6":{"start":{"line":8,"column":4},"end":{"line":8,"column":12}},"7":{"start":{"line":9,"column":4},"end":{"line":9,"column":10}},"8":{"start":{"line":10,"column":4},"end":{"line":10,"column":11}},"9":{"start":{"line":11,"column":4},"end":{"line":11,"column":16}},"10":{"start":{"line":12,"column":4},"end":{"line":12,"column":14}},"11":{"start":{"line":14,"column":4},"end":{"line":30,"column":6}},"12":{"start":{"line":45,"column":0},"end":{"line":55,"column":null}},"13":{"start":{"line":57,"column":0},"end":{"line":57,"column":21}}},"fnMap":{"0":{"name":"(anonymous_1)","decl":{"start":{"line":3,"column":14},"end":{"line":3,"column":15}},"loc":{"start":{"line":13,"column":12},"end":{"line":31,"column":1}}},"1":{"name":"(anonymous_2)","decl":{"start":{"line":47,"column":18},"end":{"line":47,"column":31}},"loc":{"start":{"line":47,"column":18},"end":{"line":47,"column":32}}},"2":{"name":"(anonymous_3)","decl":{"start":{"line":48,"column":16},"end":{"line":48,"column":29}},"loc":{"start":{"line":48,"column":16},"end":{"line":48,"column":30}}}},"branchMap":{"0":{"loc":{"start":{"line":16,"column":13},"end":{"line":16,"column":18}},"type":"binary-expr","locations":[{"start":{"line":16,"column":13},"end":{"line":16,"column":18}},{"start":{"line":16,"column":23},"end":{"line":16,"column":58}}]},"1":{"loc":{"start":{"line":26,"column":13},"end":{"line":26,"column":23}},"type":"binary-expr","locations":[{"start":{"line":26,"column":13},"end":{"line":26,"column":23}},{"start":{"line":26,"column":27},"end":{"line":26,"column":38}},{"start":{"line":27,"column":12},"end":{"line":27,"column":64}}]}},"s":{"0":3,"1":3,"2":1,"3":1,"4":1,"5":1,"6":1,"7":1,"8":1,"9":1,"10":1,"11":1,"12":3,"13":3},"f":{"0":1,"1":0,"2":0},"b":{"0":[1,0],"1":[1,0,0]}}
,"C:\\_projects\\react-github-user-search\\src\\components\\Select.tsx": {"path":"C:\\_projects\\react-github-user-search\\src\\components\\Select.tsx","statementMap":{"0":{"start":{"line":1,"column":0},"end":{"line":1,"column":31}},"1":{"start":{"line":3,"column":15},"end":{"line":43,"column":1}},"2":{"start":{"line":4,"column":4},"end":{"line":4,"column":9}},"3":{"start":{"line":5,"column":4},"end":{"line":5,"column":6}},"4":{"start":{"line":6,"column":4},"end":{"line":6,"column":9}},"5":{"start":{"line":7,"column":4},"end":{"line":7,"column":10}},"6":{"start":{"line":8,"column":4},"end":{"line":8,"column":10}},"7":{"start":{"line":9,"column":4},"end":{"line":9,"column":11}},"8":{"start":{"line":10,"column":4},"end":{"line":10,"column":12}},"9":{"start":{"line":11,"column":4},"end":{"line":11,"column":16}},"10":{"start":{"line":12,"column":4},"end":{"line":12,"column":14}},"11":{"start":{"line":14,"column":21},"end":{"line":23,"column":6}},"12":{"start":{"line":15,"column":8},"end":{"line":22,"column":10}},"13":{"start":{"line":24,"column":4},"end":{"line":42,"column":6}},"14":{"start":{"line":57,"column":0},"end":{"line":67,"column":null}},"15":{"start":{"line":69,"column":0},"end":{"line":69,"column":22}}},"fnMap":{"0":{"name":"(anonymous_1)","decl":{"start":{"line":3,"column":15},"end":{"line":3,"column":16}},"loc":{"start":{"line":13,"column":13},"end":{"line":43,"column":1}}},"1":{"name":"(anonymous_2)","decl":{"start":{"line":14,"column":32},"end":{"line":14,"column":39}},"loc":{"start":{"line":14,"column":39},"end":{"line":23,"column":5}}},"2":{"name":"(anonymous_3)","decl":{"start":{"line":59,"column":18},"end":{"line":59,"column":31}},"loc":{"start":{"line":59,"column":18},"end":{"line":59,"column":32}}},"3":{"name":"(anonymous_4)","decl":{"start":{"line":60,"column":16},"end":{"line":60,"column":29}},"loc":{"start":{"line":60,"column":16},"end":{"line":60,"column":30}}}},"branchMap":{"0":{"loc":{"start":{"line":26,"column":13},"end":{"line":26,"column":18}},"type":"binary-expr","locations":[{"start":{"line":26,"column":13},"end":{"line":26,"column":18}},{"start":{"line":26,"column":23},"end":{"line":26,"column":58}}]},"1":{"loc":{"start":{"line":38,"column":13},"end":{"line":38,"column":23}},"type":"binary-expr","locations":[{"start":{"line":38,"column":13},"end":{"line":38,"column":23}},{"start":{"line":38,"column":27},"end":{"line":38,"column":38}},{"start":{"line":39,"column":16},"end":{"line":39,"column":68}}]}},"s":{"0":3,"1":3,"2":1,"3":1,"4":1,"5":1,"6":1,"7":1,"8":1,"9":1,"10":1,"11":1,"12":0,"13":1,"14":3,"15":3},"f":{"0":1,"1":0,"2":0,"3":0},"b":{"0":[1,0],"1":[1,0,0]}}
,"C:\\_projects\\react-github-user-search\\src\\components\\presentation\\Fallback.tsx": {"path":"C:\\_projects\\react-github-user-search\\src\\components\\presentation\\Fallback.tsx","statementMap":{"0":{"start":{"line":1,"column":0},"end":{"line":1,"column":31}},"1":{"start":{"line":3,"column":17},"end":{"line":3,"column":null}},"2":{"start":{"line":3,"column":36},"end":{"line":7,"column":2}},"3":{"start":{"line":9,"column":0},"end":{"line":9,"column":24}}},"fnMap":{"0":{"name":"(anonymous_1)","decl":{"start":{"line":3,"column":17},"end":{"line":3,"column":36}},"loc":{"start":{"line":3,"column":17},"end":{"line":3,"column":null}}}},"branchMap":{},"s":{"0":3,"1":3,"2":1,"3":3},"f":{"0":1},"b":{}}
,"C:\\_projects\\react-github-user-search\\src\\components\\presentation\\TableElement.tsx": {"path":"C:\\_projects\\react-github-user-search\\src\\components\\presentation\\TableElement.tsx","statementMap":{"0":{"start":{"line":1,"column":0},"end":{"line":1,"column":31}},"1":{"start":{"line":2,"column":0},"end":{"line":2,"column":37}},"2":{"start":{"line":4,"column":21},"end":{"line":15,"column":1}},"3":{"start":{"line":4,"column":24},"end":{"line":4,"column":28}},"4":{"start":{"line":4,"column":30},"end":{"line":4,"column":37}},"5":{"start":{"line":4,"column":39},"end":{"line":4,"column":47}},"6":{"start":{"line":5,"column":4},"end":{"line":14,"column":6}},"7":{"start":{"line":23,"column":0},"end":{"line":27,"column":null}},"8":{"start":{"line":29,"column":0},"end":{"line":29,"column":28}}},"fnMap":{"0":{"name":"(anonymous_2)","decl":{"start":{"line":4,"column":21},"end":{"line":4,"column":22}},"loc":{"start":{"line":4,"column":67},"end":{"line":15,"column":1}}}},"branchMap":{},"s":{"0":3,"1":3,"2":3,"3":1,"4":1,"5":1,"6":1,"7":3,"8":3},"f":{"0":1},"b":{}}
,"C:\\_projects\\react-github-user-search\\src\\routes\\Routes.tsx": {"path":"C:\\_projects\\react-github-user-search\\src\\routes\\Routes.tsx","statementMap":{"0":{"start":{"line":1,"column":0},"end":{"line":1,"column":40}},"1":{"start":{"line":2,"column":0},"end":{"line":2,"column":64}},"2":{"start":{"line":3,"column":0},"end":{"line":3,"column":34}},"3":{"start":{"line":4,"column":19},"end":{"line":4,"column":59}},"4":{"start":{"line":4,"column":36},"end":{"line":4,"column":58}},"5":{"start":{"line":5,"column":17},"end":{"line":5,"column":55}},"6":{"start":{"line":5,"column":34},"end":{"line":5,"column":54}},"7":{"start":{"line":7,"column":15},"end":{"line":25,"column":1}},"8":{"start":{"line":8,"column":4},"end":{"line":24,"column":null}},"9":{"start":{"line":27,"column":0},"end":{"line":27,"column":22}}},"fnMap":{"0":{"name":"(anonymous_2)","decl":{"start":{"line":4,"column":30},"end":{"line":4,"column":36}},"loc":{"start":{"line":4,"column":30},"end":{"line":4,"column":43}}},"1":{"name":"(anonymous_3)","decl":{"start":{"line":4,"column":36},"end":{"line":4,"column":43}},"loc":{"start":{"line":4,"column":36},"end":{"line":4,"column":58}}},"2":{"name":"(anonymous_4)","decl":{"start":{"line":5,"column":28},"end":{"line":5,"column":34}},"loc":{"start":{"line":5,"column":28},"end":{"line":5,"column":41}}},"3":{"name":"(anonymous_5)","decl":{"start":{"line":5,"column":34},"end":{"line":5,"column":41}},"loc":{"start":{"line":5,"column":34},"end":{"line":5,"column":54}}},"4":{"name":"(anonymous_6)","decl":{"start":{"line":7,"column":15},"end":{"line":7,"column":null}},"loc":{"start":{"line":7,"column":15},"end":{"line":25,"column":1}}}},"branchMap":{},"s":{"0":2,"1":2,"2":2,"3":2,"4":0,"5":2,"6":0,"7":2,"8":1,"9":2},"f":{"0":0,"1":0,"2":0,"3":0,"4":1},"b":{}}
,"C:\\_projects\\react-github-user-search\\src\\routes\\SearchPage.tsx": {"path":"C:\\_projects\\react-github-user-search\\src\\routes\\SearchPage.tsx","statementMap":{"0":{"start":{"line":1,"column":0},"end":{"line":1,"column":31}},"1":{"start":{"line":2,"column":0},"end":{"line":2,"column":42}},"2":{"start":{"line":3,"column":0},"end":{"line":3,"column":40}},"3":{"start":{"line":4,"column":0},"end":{"line":4,"column":56}},"4":{"start":{"line":5,"column":0},"end":{"line":5,"column":54}},"5":{"start":{"line":7,"column":26},"end":{"line":18,"column":2}},"6":{"start":{"line":11,"column":21},"end":{"line":11,"column":null}},"7":{"start":{"line":16,"column":21},"end":{"line":16,"column":null}},"8":{"start":{"line":20,"column":19},"end":{"line":31,"column":1}},"9":{"start":{"line":21,"column":26},"end":{"line":21,"column":62}},"10":{"start":{"line":21,"column":47},"end":{"line":21,"column":62}},"11":{"start":{"line":23,"column":4},"end":{"line":30,"column":6}},"12":{"start":{"line":33,"column":0},"end":{"line":33,"column":26}}},"fnMap":{"0":{"name":"(anonymous_2)","decl":{"start":{"line":11,"column":14},"end":{"line":11,"column":17}},"loc":{"start":{"line":11,"column":17},"end":{"line":11,"column":26}}},"1":{"name":"(anonymous_3)","decl":{"start":{"line":16,"column":14},"end":{"line":16,"column":17}},"loc":{"start":{"line":16,"column":17},"end":{"line":16,"column":22}}},"2":{"name":"(anonymous_4)","decl":{"start":{"line":20,"column":19},"end":{"line":20,"column":null}},"loc":{"start":{"line":20,"column":19},"end":{"line":31,"column":1}}},"3":{"name":"(anonymous_5)","decl":{"start":{"line":21,"column":38},"end":{"line":21,"column":43}},"loc":{"start":{"line":21,"column":43},"end":{"line":21,"column":52}}}},"branchMap":{},"s":{"0":1,"1":1,"2":1,"3":1,"4":1,"5":1,"6":0,"7":0,"8":1,"9":0,"10":0,"11":0,"12":1},"f":{"0":0,"1":0,"2":0,"3":0},"b":{}}
,"C:\\_projects\\react-github-user-search\\src\\routes\\UserPage.tsx": {"path":"C:\\_projects\\react-github-user-search\\src\\routes\\UserPage.tsx","statementMap":{"0":{"start":{"line":1,"column":0},"end":{"line":1,"column":31}},"1":{"start":{"line":2,"column":0},"end":{"line":2,"column":55}},"2":{"start":{"line":3,"column":0},"end":{"line":3,"column":40}},"3":{"start":{"line":4,"column":0},"end":{"line":4,"column":41}},"4":{"start":{"line":5,"column":0},"end":{"line":5,"column":54}},"5":{"start":{"line":7,"column":20},"end":{"line":18,"column":2}},"6":{"start":{"line":11,"column":21},"end":{"line":11,"column":null}},"7":{"start":{"line":16,"column":21},"end":{"line":16,"column":null}},"8":{"start":{"line":20,"column":20},"end":{"line":30,"column":2}},"9":{"start":{"line":24,"column":21},"end":{"line":24,"column":null}},"10":{"start":{"line":32,"column":17},"end":{"line":71,"column":1}},"11":{"start":{"line":33,"column":22},"end":{"line":33,"column":54}},"12":{"start":{"line":33,"column":43},"end":{"line":33,"column":54}},"13":{"start":{"line":34,"column":31},"end":{"line":34,"column":72}},"14":{"start":{"line":34,"column":52},"end":{"line":34,"column":72}},"15":{"start":{"line":35,"column":28},"end":{"line":35,"column":66}},"16":{"start":{"line":35,"column":49},"end":{"line":35,"column":66}},"17":{"start":{"line":36,"column":26},"end":{"line":36,"column":62}},"18":{"start":{"line":36,"column":47},"end":{"line":36,"column":62}},"19":{"start":{"line":37,"column":21},"end":{"line":37,"column":34}},"20":{"start":{"line":39,"column":4},"end":{"line":43,"column":11}},"21":{"start":{"line":40,"column":25},"end":{"line":40,"column":52}},"22":{"start":{"line":41,"column":38},"end":{"line":41,"column":58}},"23":{"start":{"line":41,"column":50},"end":{"line":41,"column":82}},"24":{"start":{"line":42,"column":8},"end":{"line":42,"column":40}},"25":{"start":{"line":45,"column":4},"end":{"line":69,"column":6}},"26":{"start":{"line":73,"column":0},"end":{"line":73,"column":24}}},"fnMap":{"0":{"name":"(anonymous_2)","decl":{"start":{"line":11,"column":14},"end":{"line":11,"column":17}},"loc":{"start":{"line":11,"column":17},"end":{"line":11,"column":26}}},"1":{"name":"(anonymous_3)","decl":{"start":{"line":16,"column":14},"end":{"line":16,"column":17}},"loc":{"start":{"line":16,"column":17},"end":{"line":16,"column":24}}},"2":{"name":"(anonymous_4)","decl":{"start":{"line":24,"column":14},"end":{"line":24,"column":17}},"loc":{"start":{"line":24,"column":17},"end":{"line":24,"column":24}}},"3":{"name":"(anonymous_5)","decl":{"start":{"line":32,"column":17},"end":{"line":32,"column":18}},"loc":{"start":{"line":32,"column":23},"end":{"line":71,"column":1}}},"4":{"name":"(anonymous_6)","decl":{"start":{"line":33,"column":34},"end":{"line":33,"column":39}},"loc":{"start":{"line":33,"column":39},"end":{"line":33,"column":48}}},"5":{"name":"(anonymous_7)","decl":{"start":{"line":34,"column":43},"end":{"line":34,"column":48}},"loc":{"start":{"line":34,"column":48},"end":{"line":34,"column":57}}},"6":{"name":"(anonymous_8)","decl":{"start":{"line":35,"column":40},"end":{"line":35,"column":45}},"loc":{"start":{"line":35,"column":45},"end":{"line":35,"column":54}}},"7":{"name":"(anonymous_9)","decl":{"start":{"line":36,"column":38},"end":{"line":36,"column":43}},"loc":{"start":{"line":36,"column":43},"end":{"line":36,"column":52}}},"8":{"name":"(anonymous_10)","decl":{"start":{"line":39,"column":20},"end":{"line":39,"column":null}},"loc":{"start":{"line":39,"column":20},"end":{"line":43,"column":5}}},"9":{"name":"(anonymous_11)","decl":{"start":{"line":41,"column":38},"end":{"line":41,"column":46}},"loc":{"start":{"line":41,"column":46},"end":{"line":41,"column":58}}}},"branchMap":{},"s":{"0":1,"1":1,"2":1,"3":1,"4":1,"5":1,"6":0,"7":0,"8":1,"9":0,"10":1,"11":0,"12":0,"13":0,"14":0,"15":0,"16":0,"17":0,"18":0,"19":0,"20":0,"21":0,"22":0,"23":0,"24":0,"25":0,"26":1},"f":{"0":0,"1":0,"2":0,"3":0,"4":0,"5":0,"6":0,"7":0,"8":0,"9":0},"b":{}}
,"C:\\_projects\\react-github-user-search\\src\\utilities\\index.ts": {"path":"C:\\_projects\\react-github-user-search\\src\\utilities\\index.ts","statementMap":{"0":{"start":{"line":1,"column":0},"end":{"line":1,"column":26}},"1":{"start":{"line":3,"column":13},"end":{"line":12,"column":2}},"2":{"start":{"line":3,"column":65},"end":{"line":12,"column":2}},"3":{"start":{"line":4,"column":21},"end":{"line":10,"column":null}},"4":{"start":{"line":4,"column":10},"end":{"line":10,"column":null}},"5":{"start":{"line":11,"column":11},"end":{"line":11,"column":31}},"6":{"start":{"line":11,"column":4},"end":{"line":11,"column":31}}},"fnMap":{"0":{"name":"(anonymous_14)","decl":{"start":{"line":3,"column":26},"end":{"line":3,"column":33}},"loc":{"start":{"line":3,"column":65},"end":{"line":12,"column":2}}},"1":{"name":"(anonymous_15)","decl":{"start":{"line":3,"column":65},"end":{"line":3,"column":null}},"loc":{"start":{"line":3,"column":65},"end":{"line":12,"column":2}}}},"branchMap":{"0":{"loc":{"start":{"line":4,"column":21},"end":{"line":10,"column":null}},"type":"switch","locations":[{"start":{"line":4,"column":21},"end":{"line":10,"column":null}},{"start":{"line":11,"column":4},"end":{"line":11,"column":31}}]}},"s":{"0":5,"1":5,"2":0,"3":0,"4":0,"5":0,"6":0},"f":{"0":0,"1":0},"b":{"0":[0,0]}}
}
