TN:
SF:src\App.tsx
FN:6,(anonymous_1)
FNF:1
FNH:1
FNDA:1,(anonymous_1)
DA:1,1
DA:2,1
DA:3,1
DA:4,1
DA:6,1
DA:7,1
DA:22,1
LF:7
LH:7
BRF:0
BRH:0
end_of_record
TN:
SF:src\reducers.ts
FN:22,(anonymous_5)
FN:38,(anonymous_6)
FN:54,(anonymous_7)
FN:70,(anonymous_8)
FN:86,(anonymous_9)
FNF:5
FNH:5
FNDA:16,(anonymous_5)
FNDA:16,(anonymous_6)
FNDA:15,(anonymous_7)
FNDA:15,(anonymous_8)
FNDA:15,(anonymous_9)
DA:1,4
DA:2,4
DA:3,4
DA:4,4
DA:5,4
DA:6,4
DA:11,4
DA:22,4
DA:23,32
DA:26,16
DA:28,1
DA:32,15
DA:37,4
DA:38,4
DA:39,32
DA:42,16
DA:44,1
DA:48,15
DA:53,4
DA:54,4
DA:55,30
DA:58,15
DA:60,0
DA:64,15
DA:69,4
DA:70,4
DA:71,30
DA:74,15
DA:76,0
DA:80,15
DA:85,4
DA:86,4
DA:87,30
DA:90,15
DA:92,0
DA:96,15
DA:101,4
DA:110,4
DA:111,4
DA:114,4
DA:115,4
LF:41
LH:38
BRDA:23,0,0,16
BRDA:23,0,1,0
BRDA:27,1,0,1
BRDA:27,1,1,15
BRDA:39,2,0,16
BRDA:39,2,1,0
BRDA:43,3,0,1
BRDA:43,3,1,15
BRDA:55,4,0,15
BRDA:55,4,1,0
BRDA:59,5,0,0
BRDA:59,5,1,15
BRDA:71,6,0,15
BRDA:71,6,1,0
BRDA:75,7,0,0
BRDA:75,7,1,15
BRDA:87,8,0,15
BRDA:87,8,1,0
BRDA:91,9,0,0
BRDA:91,9,1,15
BRF:20
BRH:12
end_of_record
TN:
SF:src\sagas.ts
FN:16,getUserListWorker
FN:21,getUserWorker
FN:26,getFollowersWorker
FN:31,getFollowWorker
FN:36,getRepoWorker
FN:43,getUserListWatcher
FN:50,getUserDataWatcher
FN:62,rootSaga
FNF:8
FNH:5
FNDA:1,getUserListWorker
FNDA:1,getUserWorker
FNDA:0,getFollowersWorker
FNDA:0,getFollowWorker
FNDA:0,getRepoWorker
FNDA:4,getUserListWatcher
FNDA:4,getUserDataWatcher
FNDA:4,rootSaga
DA:1,5
DA:4,5
DA:12,5
DA:16,5
DA:17,1
DA:18,2
DA:21,5
DA:22,1
DA:23,2
DA:26,5
DA:27,0
DA:28,0
DA:31,5
DA:32,0
DA:33,0
DA:36,5
DA:37,0
DA:38,0
DA:43,5
DA:44,4
DA:45,4
DA:46,0
DA:50,5
DA:51,4
DA:52,4
DA:53,0
DA:54,0
DA:55,0
DA:56,0
DA:62,5
DA:63,8
LF:31
LH:20
BRDA:17,0,0,1
BRDA:22,1,0,1
BRDA:27,2,0,0
BRDA:32,3,0,0
BRDA:37,4,0,0
BRDA:44,5,0,0
BRDA:44,5,1,4
BRDA:51,6,0,0
BRDA:51,6,1,4
BRDA:63,7,0,4
BRF:10
BRH:5
end_of_record
TN:
SF:src\actions\index.ts
FN:7,(anonymous_0)
FN:20,(anonymous_1)
FN:33,(anonymous_2)
FN:46,(anonymous_3)
FN:59,(anonymous_4)
FN:75,(anonymous_5)
FN:88,(anonymous_6)
FNF:7
FNH:3
FNDA:3,(anonymous_0)
FNDA:3,(anonymous_1)
FNDA:0,(anonymous_2)
FNDA:0,(anonymous_3)
FNDA:0,(anonymous_4)
FNDA:0,(anonymous_5)
FNDA:1,(anonymous_6)
DA:2,6
DA:7,6
DA:8,3
DA:15,6
DA:20,6
DA:21,3
DA:28,6
DA:33,6
DA:34,0
DA:41,6
DA:46,6
DA:47,0
DA:54,6
DA:59,6
DA:60,0
DA:70,6
DA:75,6
DA:76,0
DA:83,6
DA:88,6
DA:89,1
LF:21
LH:17
BRF:0
BRH:0
end_of_record
TN:
SF:src\components\Button.tsx
FN:3,(anonymous_1)
FN:36,(anonymous_2)
FNF:2
FNH:1
FNDA:1,(anonymous_1)
FNDA:0,(anonymous_2)
DA:1,3
DA:3,3
DA:4,1
DA:5,1
DA:6,1
DA:7,1
DA:8,1
DA:9,1
DA:31,3
DA:39,3
LF:10
LH:10
BRF:0
BRH:0
end_of_record
TN:
SF:src\components\FormContainer.tsx
FN:10,(anonymous_2)
FN:18,(anonymous_3)
FN:42,(anonymous_4)
FN:46,(anonymous_5)
FNF:4
FNH:0
FNDA:0,(anonymous_2)
FNDA:0,(anonymous_3)
FNDA:0,(anonymous_4)
FNDA:0,(anonymous_5)
DA:1,2
DA:2,2
DA:3,2
DA:4,2
DA:5,2
DA:6,2
DA:7,2
DA:8,2
DA:10,2
DA:11,0
DA:17,0
DA:18,0
DA:19,0
DA:20,0
DA:21,0
DA:22,0
DA:24,0
DA:26,0
DA:29,0
DA:42,0
DA:43,0
DA:44,0
DA:47,0
DA:48,0
DA:49,0
DA:50,0
DA:51,0
DA:52,0
DA:53,0
DA:54,0
DA:87,2
LF:31
LH:10
BRDA:21,0,0,0
BRDA:21,0,1,0
BRF:2
BRH:0
end_of_record
TN:
SF:src\components\Input.tsx
FN:3,(anonymous_1)
FN:47,(anonymous_2)
FN:48,(anonymous_3)
FNF:3
FNH:1
FNDA:1,(anonymous_1)
FNDA:0,(anonymous_2)
FNDA:0,(anonymous_3)
DA:1,3
DA:3,3
DA:4,1
DA:5,1
DA:6,1
DA:7,1
DA:8,1
DA:9,1
DA:10,1
DA:11,1
DA:12,1
DA:14,1
DA:45,3
DA:57,3
LF:14
LH:14
BRDA:16,0,0,1
BRDA:16,0,1,0
BRDA:26,1,0,1
BRDA:26,1,1,0
BRDA:26,1,2,0
BRF:5
BRH:2
end_of_record
TN:
SF:src\components\Select.tsx
FN:3,(anonymous_1)
FN:14,(anonymous_2)
FN:59,(anonymous_3)
FN:60,(anonymous_4)
FNF:4
FNH:1
FNDA:1,(anonymous_1)
FNDA:0,(anonymous_2)
FNDA:0,(anonymous_3)
FNDA:0,(anonymous_4)
DA:1,3
DA:3,3
DA:4,1
DA:5,1
DA:6,1
DA:7,1
DA:8,1
DA:9,1
DA:10,1
DA:11,1
DA:12,1
DA:14,1
DA:15,0
DA:24,1
DA:57,3
DA:69,3
LF:16
LH:15
BRDA:26,0,0,1
BRDA:26,0,1,0
BRDA:38,1,0,1
BRDA:38,1,1,0
BRDA:38,1,2,0
BRF:5
BRH:2
end_of_record
TN:
SF:src\components\presentation\Fallback.tsx
FN:3,(anonymous_1)
FNF:1
FNH:1
FNDA:1,(anonymous_1)
DA:1,3
DA:3,3
DA:9,3
LF:3
LH:3
BRF:0
BRH:0
end_of_record
TN:
SF:src\components\presentation\TableElement.tsx
FN:4,(anonymous_2)
FNF:1
FNH:1
FNDA:1,(anonymous_2)
DA:1,3
DA:2,3
DA:4,3
DA:5,1
DA:23,3
DA:29,3
LF:6
LH:6
BRF:0
BRH:0
end_of_record
TN:
SF:src\routes\Routes.tsx
FN:4,(anonymous_2)
FN:4,(anonymous_3)
FN:5,(anonymous_4)
FN:5,(anonymous_5)
FN:7,(anonymous_6)
FNF:5
FNH:1
FNDA:0,(anonymous_2)
FNDA:0,(anonymous_3)
FNDA:0,(anonymous_4)
FNDA:0,(anonymous_5)
FNDA:1,(anonymous_6)
DA:1,2
DA:2,2
DA:3,2
DA:4,2
DA:5,2
DA:7,2
DA:8,1
DA:27,2
LF:8
LH:8
BRF:0
BRH:0
end_of_record
TN:
SF:src\routes\SearchPage.tsx
FN:11,(anonymous_2)
FN:16,(anonymous_3)
FN:20,(anonymous_4)
FN:21,(anonymous_5)
FNF:4
FNH:0
FNDA:0,(anonymous_2)
FNDA:0,(anonymous_3)
FNDA:0,(anonymous_4)
FNDA:0,(anonymous_5)
DA:1,1
DA:2,1
DA:3,1
DA:4,1
DA:5,1
DA:7,1
DA:11,0
DA:16,0
DA:20,1
DA:21,0
DA:23,0
DA:33,1
LF:12
LH:8
BRF:0
BRH:0
end_of_record
TN:
SF:src\routes\UserPage.tsx
FN:11,(anonymous_2)
FN:16,(anonymous_3)
FN:24,(anonymous_4)
FN:32,(anonymous_5)
FN:33,(anonymous_6)
FN:34,(anonymous_7)
FN:35,(anonymous_8)
FN:36,(anonymous_9)
FN:39,(anonymous_10)
FN:41,(anonymous_11)
FNF:10
FNH:0
FNDA:0,(anonymous_2)
FNDA:0,(anonymous_3)
FNDA:0,(anonymous_4)
FNDA:0,(anonymous_5)
FNDA:0,(anonymous_6)
FNDA:0,(anonymous_7)
FNDA:0,(anonymous_8)
FNDA:0,(anonymous_9)
FNDA:0,(anonymous_10)
FNDA:0,(anonymous_11)
DA:1,1
DA:2,1
DA:3,1
DA:4,1
DA:5,1
DA:7,1
DA:11,0
DA:16,0
DA:20,1
DA:24,0
DA:32,1
DA:33,0
DA:34,0
DA:35,0
DA:36,0
DA:37,0
DA:39,0
DA:40,0
DA:41,0
DA:42,0
DA:45,0
DA:73,1
LF:22
LH:9
BRF:0
BRH:0
end_of_record
TN:
SF:src\utilities\index.ts
FN:3,(anonymous_14)
FN:3,(anonymous_15)
FNF:2
FNH:0
FNDA:0,(anonymous_14)
FNDA:0,(anonymous_15)
DA:1,5
DA:3,5
DA:4,0
DA:11,0
LF:4
LH:2
BRDA:4,0,0,0
BRDA:4,0,1,0
BRF:2
BRH:0
end_of_record
